<?xml version="1.0" encoding="UTF-8"?>
<testsuite name="com.javacoreprojectjunit.TestCoreConcept" tests="1" skipped="0" failures="0" errors="0" timestamp="2019-11-25T11:40:30" hostname="admin1-Lenovo-Product" time="0.001">
  <properties/>
  <testcase name="givenEmptyMood_ShouldThrowException" classname="com.javacoreprojectjunit.TestCoreConcept" time="0.001"/>
  <system-out><![CDATA[]]></system-out>
  <system-err><![CDATA[]]></system-err>
</testsuite>
